04-16-2018 @ 15:34:11 - 
====Stripe Version: 4.1.0====
====Start Log====
Keys are not set correctly.
====End Log====


04-16-2018 @ 15:35:08 - 
====Stripe Version: 4.1.0====
====Start Log====
Keys are not set correctly.
====End Log====


04-16-2018 @ 15:40:13 - 
====Stripe Version: 4.1.0====
====Start Log====
Keys are not set correctly.
====End Log====


04-16-2018 @ 15:40:44 - 
====Stripe Version: 4.1.0====
====Start Log====
Keys are not set correctly.
====End Log====


04-16-2018 @ 15:46:08 - 
====Stripe Version: 4.1.0====
====Start Log====
Keys are not set correctly.
====End Log====


04-16-2018 @ 15:46:47 - 
====Stripe Version: 4.1.0====
====Start Log====
Keys are not set correctly.
====End Log====


05-29-2018 @ 23:03:10 - 
====Stripe Version: 4.1.0====
====Start Log====
Keys are not set correctly.
====End Log====


06-15-2018 @ 14:10:03 - 
====Stripe Version: 4.1.0====
====Start Log====
Keys are not set correctly.
====End Log====


06-16-2018 @ 14:45:26 - 
====Stripe Version: 4.1.0====
====Start Log====
Keys are not set correctly.
====End Log====


